Compiling the C compiler identification source file "CMakeCCompilerId.c" failed.
Compiler: C:/MinGW64/mingw64/bin/gcc.exe 
Build flags: 
Id flags:  

The output was:
Le fichier spécifié est introuvable


Compiling the C compiler identification source file "CMakeCCompilerId.c" failed.
Compiler: C:/MinGW64/mingw64/bin/gcc.exe 
Build flags: 
Id flags: -c 

The output was:
Le fichier spécifié est introuvable


Compiling the C compiler identification source file "CMakeCCompilerId.c" failed.
Compiler: C:/MinGW64/mingw64/bin/gcc.exe 
Build flags: 
Id flags: -Aa 

The output was:
Le fichier spécifié est introuvable


Compiling the C compiler identification source file "CMakeCCompilerId.c" failed.
Compiler: C:/MinGW64/mingw64/bin/gcc.exe 
Build flags: 
Id flags: -D__CLASSIC_C__ 

The output was:
Le fichier spécifié est introuvable


Compiling the C compiler identification source file "CMakeCCompilerId.c" failed.
Compiler: C:/MinGW64/mingw64/bin/gcc.exe 
Build flags: 
Id flags: --target=arm-arm-none-eabi;-mcpu=cortex-m3 

The output was:
Le fichier spécifié est introuvable


Compiling the C compiler identification source file "CMakeCCompilerId.c" failed.
Compiler: C:/MinGW64/mingw64/bin/gcc.exe 
Build flags: 
Id flags: -c;-I__does_not_exist__ 

The output was:
Le fichier spécifié est introuvable


Compiling the C compiler identification source file "CMakeCCompilerId.c" failed.
Compiler: C:/MinGW64/mingw64/bin/gcc.exe 
Build flags: 
Id flags:  

The output was:
Le fichier spécifié est introuvable


Compiling the C compiler identification source file "CMakeCCompilerId.c" failed.
Compiler: C:/MinGW64/mingw64/bin/gcc.exe 
Build flags: 
Id flags: -c 

The output was:
Le fichier spécifié est introuvable


Compiling the C compiler identification source file "CMakeCCompilerId.c" failed.
Compiler: C:/MinGW64/mingw64/bin/gcc.exe 
Build flags: 
Id flags: -Aa 

The output was:
Le fichier spécifié est introuvable


Compiling the C compiler identification source file "CMakeCCompilerId.c" failed.
Compiler: C:/MinGW64/mingw64/bin/gcc.exe 
Build flags: 
Id flags: -D__CLASSIC_C__ 

The output was:
Le fichier spécifié est introuvable


Compiling the C compiler identification source file "CMakeCCompilerId.c" failed.
Compiler: C:/MinGW64/mingw64/bin/gcc.exe 
Build flags: 
Id flags: --target=arm-arm-none-eabi;-mcpu=cortex-m3 

The output was:
Le fichier spécifié est introuvable


Compiling the C compiler identification source file "CMakeCCompilerId.c" failed.
Compiler: C:/MinGW64/mingw64/bin/gcc.exe 
Build flags: 
Id flags: -c;-I__does_not_exist__ 

The output was:
Le fichier spécifié est introuvable


Checking whether the C compiler is IAR using "" did not match "IAR .+ Compiler":
Checking whether the C compiler is IAR using "" did not match "IAR .+ Compiler":
